{"/Users/jameswu/study/jest/sum.js": {"path":"/Users/jameswu/study/jest/sum.js","statementMap":{"0":{"start":{"line":1,"column":12},"end":{"line":1,"column":28}},"1":{"start":{"line":3,"column":12},"end":{"line":11,"column":1}},"2":{"start":{"line":4,"column":16},"end":{"line":4,"column":77}},"3":{"start":{"line":5,"column":22},"end":{"line":5,"column":37}},"4":{"start":{"line":6,"column":13},"end":{"line":6,"column":15}},"5":{"start":{"line":7,"column":3},"end":{"line":9,"column":4}},"6":{"start":{"line":7,"column":15},"end":{"line":7,"column":16}},"7":{"start":{"line":8,"column":7},"end":{"line":8,"column":37}},"8":{"start":{"line":10,"column":3},"end":{"line":10,"column":14}},"9":{"start":{"line":13,"column":0},"end":{"line":13,"column":21}}},"fnMap":{"0":{"name":"(anonymous_0)","decl":{"start":{"line":3,"column":12},"end":{"line":3,"column":13}},"loc":{"start":{"line":3,"column":22},"end":{"line":11,"column":1}},"line":3}},"branchMap":{},"s":{"0":1,"1":1,"2":1,"3":1,"4":1,"5":1,"6":1,"7":100,"8":1,"9":1},"f":{"0":1},"b":{},"_coverageSchema":"1a1c01bbd47fc00a2c39e90264f33305004495a9","hash":"c3238d666f2c0fd601c4d1ef51a684d92b307088"}
,"/Users/jameswu/study/jest/write.js": {"path":"/Users/jameswu/study/jest/write.js","statementMap":{"0":{"start":{"line":1,"column":14},"end":{"line":3,"column":1}},"1":{"start":{"line":2,"column":4},"end":{"line":2,"column":17}},"2":{"start":{"line":5,"column":0},"end":{"line":5,"column":23}}},"fnMap":{"0":{"name":"(anonymous_0)","decl":{"start":{"line":1,"column":14},"end":{"line":1,"column":15}},"loc":{"start":{"line":1,"column":19},"end":{"line":3,"column":1}},"line":1}},"branchMap":{},"s":{"0":1,"1":1,"2":1},"f":{"0":1},"b":{},"_coverageSchema":"1a1c01bbd47fc00a2c39e90264f33305004495a9","hash":"5f936f84cbbcc36881568582c78a03e0507b2d6a"}
}
